<component name="libraryTable">
  <library name="junit-4.12-javadoc">
    <CLASSES />
    <JAVADOC>
      <root url="jar://$USER_HOME$/Downloads/junit-4.12-javadoc.jar!/" />
    </JAVADOC>
    <SOURCES />
  </library>
</component>